c:\users\mario\desktop\sdl2engine\sdl2engine\debug\vc142.pdb
c:\users\mario\desktop\sdl2engine\sdl2engine\debug\vc142.idb
c:\users\mario\desktop\sdl2engine\sdl2engine\debug\world.obj
c:\users\mario\desktop\sdl2engine\sdl2engine\debug\time.obj
c:\users\mario\desktop\sdl2engine\sdl2engine\debug\texturedentity.obj
c:\users\mario\desktop\sdl2engine\sdl2engine\debug\texture.obj
c:\users\mario\desktop\sdl2engine\sdl2engine\debug\renderer.obj
c:\users\mario\desktop\sdl2engine\sdl2engine\debug\player.obj
c:\users\mario\desktop\sdl2engine\sdl2engine\debug\physic.obj
c:\users\mario\desktop\sdl2engine\sdl2engine\debug\mainscene.obj
c:\users\mario\desktop\sdl2engine\sdl2engine\debug\main.obj
c:\users\mario\desktop\sdl2engine\sdl2engine\debug\input.obj
c:\users\mario\desktop\sdl2engine\sdl2engine\debug\helper.obj
c:\users\mario\desktop\sdl2engine\sdl2engine\debug\engine.obj
c:\users\mario\desktop\sdl2engine\sdl2engine\debug\enemyai.obj
c:\users\mario\desktop\sdl2engine\sdl2engine\debug\contentmanagement.obj
c:\users\mario\desktop\sdl2engine\sdl2engine\debug\gbullet.obj
c:\users\mario\desktop\sdl2engine\sdl2engine\debug\bullet.obj
c:\users\mario\desktop\sdl2engine\build\bin\x86\debug\sdl2engine.exe
c:\users\mario\desktop\sdl2engine\build\bin\x86\debug\sdl2engine.ilk
c:\users\mario\desktop\sdl2engine\build\bin\x86\debug\sdl2engine.pdb
c:\users\mario\desktop\sdl2engine\sdl2engine\debug\sdl2engine.tlog\cl.command.1.tlog
c:\users\mario\desktop\sdl2engine\sdl2engine\debug\sdl2engine.tlog\cl.read.1.tlog
c:\users\mario\desktop\sdl2engine\sdl2engine\debug\sdl2engine.tlog\cl.write.1.tlog
c:\users\mario\desktop\sdl2engine\sdl2engine\debug\sdl2engine.tlog\link.command.1.tlog
c:\users\mario\desktop\sdl2engine\sdl2engine\debug\sdl2engine.tlog\link.read.1.tlog
c:\users\mario\desktop\sdl2engine\sdl2engine\debug\sdl2engine.tlog\link.write.1.tlog
